"../../../Engine/Content/Animation/DefaultAnimCurveCompressionSettings.uasset" 0
"../../../Engine/Content/ArtTools/RenderToTexture/Enums/RenderToTexture_Enum.uasset" 1
"../../../Engine/Content/ArtTools/RenderToTexture/Enums/RenderToTexture_Flipbook_Enum.uasset" 2
"../../../Engine/Content/ArtTools/RenderToTexture/Enums/RenderToTexture_Imposter_Enum.uasset" 3
"../../../Engine/Content/EditorBlueprintResources/StandardMacros.uasset" 4
"../../../Engine/Content/ArtTools/RenderToTexture/Enums/EIntTypes.uasset" 5
"../../../Engine/Content/ArtTools/RenderToTexture/Macros/RenderToTextureFunctionLibrary.uasset" 6
"../../../Engine/Content/ArtTools/RenderToTexture/Enums/EFloatTypes.uasset" 7
"../../../Engine/Content/ArtTools/RenderToTexture/Macros/RenderToTextureMacros.uasset" 8
"../../../Engine/Content/Functions/Engine_MaterialFunctions01/Opacity/CameraDepthFade.uasset" 9
"../../../Engine/Content/EngineMaterials/T_Default_Material_Grid_M.uasset" 10
"../../../Engine/Content/EngineMaterials/T_Default_Material_Grid_N.uasset" 11
"../../../Engine/Content/EngineMaterials/WorldGridMaterial.uasset" 12
"../../../Engine/Content/ArtTools/RenderToTexture/Meshes/S_1_Unit_Plane.uasset" 13
"../../../Engine/Content/EngineMaterials/DefaultMaterial.uasset" 14
"../../../Engine/Content/BasicShapes/Cone.uasset" 15
"../../../Engine/Content/BasicShapes/Cube.uasset" 16
"../../../Engine/Content/BasicShapes/Cylinder.uasset" 17
"../../../Engine/Content/BasicShapes/Plane.uasset" 18
"../../../Engine/Content/BasicShapes/Sphere.uasset" 19
"../../../Engine/Content/EngineMaterials/DefaultPhysicalMaterial.uasset" 20
"../../../Engine/Content/BufferVisualization/AmbientOcclusion.uasset" 21
"../../../Engine/Content/BufferVisualization/BaseColor.uasset" 22
"../../../Engine/Content/BufferVisualization/CustomDepth.uasset" 23
"../../../Engine/Content/Functions/Engine_MaterialFunctions02/Utility/VectorLength.uasset" 24
"../../../Engine/Content/BufferVisualization/CustomDepthWorldUnits.uasset" 25
"../../../Engine/Content/Functions/Engine_MaterialFunctions02/Utility/BreakOutFloat2Components.uasset" 26
"../../../Engine/Content/Functions/Engine_MaterialFunctions01/Texturing/ScaleUVsByCenter.uasset" 27
"../../../Engine/Content/Functions/Engine_MaterialFunctions02/ScreenResolution.uasset" 28
"../../../Engine/Content/Functions/Engine_MaterialFunctions02/Texturing/ScreenAlignedUVs.uasset" 29
"../../../Engine/Content/Functions/Engine_MaterialFunctions02/Utility/MakeFloat2.uasset" 30
"../../../Engine/Content/Functions/Engine_MaterialFunctions02/Utility/MakeFloat3.uasset" 31
"../../../Engine/Content/EngineMaterials/MiniFont.uasset" 32
"../../../Engine/Content/BufferVisualization/CustomStencil.uasset" 33
"../../../Engine/Content/BufferVisualization/FinalImage.uasset" 34
"../../../Engine/Content/BufferVisualization/LightingModel.uasset" 35
"../../../Engine/Content/BufferVisualization/MaterialAO.uasset" 36
"../../../Engine/Content/BufferVisualization/Metallic.uasset" 37
"../../../Engine/Content/BufferVisualization/Opacity.uasset" 38
"../../../Engine/Content/BufferVisualization/PostTonemapHDRColor.uasset" 39
"../../../Engine/Content/BufferVisualization/PreTonemapHDRColor.uasset" 40
"../../../Engine/Content/BufferVisualization/Roughness.uasset" 41
"../../../Engine/Content/BufferVisualization/SceneColor.uasset" 42
"../../../Engine/Content/BufferVisualization/SceneDepth.uasset" 43
"../../../Engine/Content/BufferVisualization/SceneDepthWorldUnits.uasset" 44
"../../../Engine/Content/BufferVisualization/SeparateTranslucencyA.uasset" 45
"../../../Engine/Content/BufferVisualization/SeparateTranslucencyRGB.uasset" 46
"../../../Engine/Content/BufferVisualization/Specular.uasset" 47
"../../../Engine/Content/BufferVisualization/SubsurfaceColor.uasset" 48
"../../../Engine/Content/BufferVisualization/Velocity.uasset" 49
"../../../Engine/Content/BufferVisualization/WorldNormal.uasset" 50
"../../../Engine/Content/EditorBlueprintResources/ActorMacros.uasset" 51
"../../../Engine/Content/EditorLandscapeResources/DataLayer.uasset" 52
"../../../Engine/Content/EditorLandscapeResources/DefaultAlphaTexture.uasset" 53
"../../../Engine/Content/EditorLandscapeResources/LandscapeGizmoHeight_Mat.uasset" 54
"../../../Engine/Content/EditorLandscapeResources/LandscapeGizmo_Mat.uasset" 55
"../../../Engine/Content/EditorLandscapeResources/LandscapeGizmo_Mat_Copied.uasset" 56
"../../../Engine/Content/EditorLandscapeResources/SplineEditorMeshMat.uasset" 57
"../../../Engine/Content/EditorLandscapeResources/SplineEditorMesh.uasset" 58
"../../../Engine/Content/EditorMaterials/Cross.uasset" 59
"../../../Engine/Content/EditorMaterials/Cross_Mat.uasset" 60
"../../../Engine/Content/EditorMaterials/GizmoMaterial.uasset" 61
"../../../Engine/Content/Functions/Engine_MaterialFunctions02/ExampleContent/Textures/flipbook.uasset" 62
"../../../Engine/Content/Functions/Engine_MaterialFunctions02/Texturing/FlipBook.uasset" 63
"../../../Engine/Content/Functions/Engine_MaterialFunctions02/Utility/Sign.uasset" 64
"../../../Engine/Content/Functions/Engine_MaterialFunctions02/Utility/Round.uasset" 65
"../../../Engine/Content/EditorResources/T_EditorHelp.uasset" 66
"../../../Engine/Content/EditorMaterials/HelpActorMaterial.uasset" 67
"../../../Engine/Content/EditorMaterials/CompositeARGBLayer.uasset" 68
"../../../Engine/Content/EditorMaterials/TilingAALineIntegral.uasset" 69
"../../../Engine/Content/EditorMaterials/TilingAALineBoxFiltered.uasset" 70
"../../../Engine/Content/Functions/Engine_MaterialFunctions03/Procedurals/ComputeFilterWidth.uasset" 71
"../../../Engine/Content/EditorMaterials/TilingAADots.uasset" 72
"../../../Engine/Content/EngineMaterials/BlendFunc_DefBase.uasset" 73
"../../../Engine/Content/EngineMaterials/BlendFunc_DefBlend.uasset" 74
"../../../Engine/Content/Functions/Engine_MaterialFunctions03/Blends/Blend_Screen.uasset" 75
"../../../Engine/Content/EditorMaterials/TilingAAGrid.uasset" 76
"../../../Engine/Content/EditorMaterials/LevelGridMaterial.uasset" 77
"../../../Engine/Content/EditorMaterials/MakeCompositeARGBLayer.uasset" 78
"../../../Engine/Content/EditorResources/LevelGrid1DStripes.uasset" 79
"../../../Engine/Content/EditorMaterials/TextureGridCascaded1D.uasset" 80
"../../../Engine/Content/EditorMaterials/TextureGridCascaded2D.uasset" 81
"../../../Engine/Content/EditorMaterials/LevelGridMaterial2.uasset" 82
"../../../Engine/Content/EditorMaterials/MAT_Groups_Toggle.uasset" 83
"../../../Engine/Content/EditorMaterials/MAT_Groups_Visibility.uasset" 84
"../../../Engine/Content/EditorMaterials/AntialiasedGridFloor.uasset" 85
"../../../Engine/Content/EditorResources/TilePatine_D.uasset" 86
"../../../Engine/Content/EditorResources/TilePatine_N.uasset" 87
"../../../Engine/Content/EngineMaterials/Grid.uasset" 88
"../../../Engine/Content/EditorMaterials/PersonaFloorMat.uasset" 89
"../../../Engine/Content/EditorMaterials/PhAT_BoneSelectedMaterial.uasset" 90
"../../../Engine/Content/EditorMaterials/PhAT_ElemSelectedMaterial.uasset" 91
"../../../Engine/Content/EditorMaterials/PhAT_NoCollisionMaterial.uasset" 92
"../../../Engine/Content/EditorMaterials/PhAT_UnselectedMaterial.uasset" 93
"../../../Engine/Content/EditorMaterials/PreviewShadowIndicator.uasset" 94
"../../../Engine/Content/EditorMaterials/PreviewShadowIndicatorMaterial.uasset" 95
"../../../Engine/Content/EditorMaterials/TargetIcon.uasset" 96
"../../../Engine/Content/EditorMaterials/Tick.uasset" 97
"../../../Engine/Content/EditorMaterials/Tick_Mat.uasset" 98
"../../../Engine/Content/EditorMaterials/WidgetGridVertexColorMaterial.uasset" 99
"../../../Engine/Content/EditorMaterials/WidgetGridVertexColorMaterial_Ma.uasset" 100
"../../../Engine/Content/EditorMaterials/WidgetMaterial.uasset" 101
"../../../Engine/Content/EditorMaterials/WidgetMaterial_Current.uasset" 102
"../../../Engine/Content/EditorMaterials/WidgetMaterial_X.uasset" 103
"../../../Engine/Content/EditorMaterials/WidgetMaterial_Y.uasset" 104
"../../../Engine/Content/EditorMaterials/WidgetMaterial_Z.uasset" 105
"../../../Engine/Content/EditorMaterials/WidgetVertexColorMaterial.uasset" 106
"../../../Engine/Content/EditorMaterials/MatineeGroups/MAT_ColorTrack.uasset" 107
"../../../Engine/Content/EditorMaterials/MatineeGroups/MAT_Groups_Anim.uasset" 108
"../../../Engine/Content/EditorMaterials/MatineeGroups/MAT_Groups_AudioMaster.uasset" 109
"../../../Engine/Content/EditorMaterials/MatineeGroups/MAT_Groups_Director.uasset" 110
"../../../Engine/Content/EditorMaterials/MatineeGroups/MAT_Groups_Event.uasset" 111
"../../../Engine/Content/EditorMaterials/MatineeGroups/MAT_Groups_Fade.uasset" 112
"../../../Engine/Content/EditorMaterials/MatineeGroups/MAT_Groups_Float.uasset" 113
"../../../Engine/Content/EditorMaterials/MatineeGroups/MAT_Groups_Move.uasset" 114
"../../../Engine/Content/EditorMaterials/MatineeGroups/MAT_Groups_Slomo.uasset" 115
"../../../Engine/Content/EditorMaterials/MatineeGroups/MAT_Groups_Sound.uasset" 116
"../../../Engine/Content/EditorMaterials/MatineeGroups/MAT_Groups_Vector.uasset" 117
"../../../Engine/Content/EditorMaterials/ParticleSystems/PSysThumbnail_NoImage.uasset" 118
"../../../Engine/Content/EditorMaterials/ParticleSystems/PSysThumbnail_OOD.uasset" 119
"../../../Engine/Content/EditorMaterials/Thumbnails/FloorPlaneMaterial.uasset" 120
"../../../Engine/Content/EditorMeshes/EditorCube.uasset" 121
"../../../Engine/Content/EditorMeshes/EditorCylinder.uasset" 122
"../../../Engine/Content/EditorMeshes/EditorPlane.uasset" 123
"../../../Engine/Content/EditorMaterials/Thumbnails/SkySphereMaterial.uasset" 124
"../../../Engine/Content/EditorMeshes/EditorSkySphere.uasset" 125
"../../../Engine/Content/EditorMeshes/EditorSphere.uasset" 126
"../../../Engine/Content/EditorResources/MatineeCam_D.uasset" 127
"../../../Engine/Content/EditorMaterials/MatineeCam_mat.uasset" 128
"../../../Engine/Content/EditorMeshes/MatineeCam_SM.uasset" 129
"../../../Engine/Content/Functions/Engine_MaterialFunctions01/Shading/ConvertFromDiffSpec.uasset" 130
"../../../Engine/Content/EditorMaterials/GridMaterial.uasset" 131
"../../../Engine/Content/EditorMeshes/PhAT_FloorBox.uasset" 132
"../../../Engine/Content/EditorMeshes/PlanarReflectionPlane.uasset" 133
"../../../Engine/Content/EditorMaterials/Camera/CineMat.uasset" 134
"../../../Engine/Content/EditorMaterials/Camera/MI_CineMat_CameraBody.uasset" 135
"../../../Engine/Content/EngineDebugMaterials/M_SimpleOpaque.uasset" 136
"../../../Engine/Content/EditorMaterials/Camera/MI_CineMat_CamViewFinder.uasset" 137
"../../../Engine/Content/EditorMeshes/Camera/SM_CineCam.uasset" 138
"../../../Engine/Content/EditorMaterials/Camera/MI_CineMat_Rig.uasset" 139
"../../../Engine/Content/EditorMeshes/Camera/SM_CraneRig_Arm.uasset" 140
"../../../Engine/Content/EditorMeshes/Camera/SM_CraneRig_Base.uasset" 141
"../../../Engine/Content/EditorMeshes/Camera/SM_CraneRig_Body.uasset" 142
"../../../Engine/Content/EditorMeshes/Camera/SM_CraneRig_Mount.uasset" 143
"../../../Engine/Content/EditorMeshes/Camera/SM_RailRig_Mount.uasset" 144
"../../../Engine/Content/EditorMeshes/Camera/SM_RailRig_Track.uasset" 145
"../../../Engine/Content/EditorMeshes/ColorCalibrator/M_ChromeBall.uasset" 146
"../../../Engine/Content/EditorResources/Bad.uasset" 147
"../../../Engine/Content/EditorResources/BSPVertex.uasset" 148
"../../../Engine/Content/EditorResources/EmptyActor.uasset" 149
"../../../Engine/Content/EditorResources/MatInstActSprite.uasset" 150
"../../../Engine/Content/EditorResources/SceneManager.uasset" 151
"../../../Engine/Content/EditorResources/SmallFont.uasset" 152
"../../../Engine/Content/EditorResources/S_Actor.uasset" 153
"../../../Engine/Content/EditorResources/S_DecalActorIcon.uasset" 154
"../../../Engine/Content/EditorResources/S_Emitter.uasset" 155
"../../../Engine/Content/EditorResources/S_ExpoHeightFog.uasset" 156
"../../../Engine/Content/EditorResources/S_FTest.uasset" 157
"../../../Engine/Content/EditorResources/S_KBSJoint.uasset" 158
"../../../Engine/Content/EditorResources/S_KHinge.uasset" 159
"../../../Engine/Content/EditorResources/S_KPrismatic.uasset" 160
"../../../Engine/Content/EditorResources/S_LevelSequence.uasset" 161
"../../../Engine/Content/EditorResources/S_NavP.uasset" 162
"../../../Engine/Content/EditorResources/S_Note.uasset" 163
"../../../Engine/Content/EditorResources/S_Player.uasset" 164
"../../../Engine/Content/EditorResources/S_PortalActorIcon2.uasset" 165
"../../../Engine/Content/EditorResources/S_RadForce.uasset" 166
"../../../Engine/Content/EditorResources/S_ReflActorIcon.uasset" 167
"../../../Engine/Content/EditorResources/S_Solver.uasset" 168
"../../../Engine/Content/EditorResources/S_Terrain.uasset" 169
"../../../Engine/Content/EditorResources/S_TextRenderActorIcon.uasset" 170
"../../../Engine/Content/EditorResources/S_Thruster.uasset" 171
"../../../Engine/Content/EditorResources/S_Trigger.uasset" 172
"../../../Engine/Content/EditorResources/S_VectorFieldVol.uasset" 173
"../../../Engine/Content/EditorResources/S_WindDirectional.uasset" 174
"../../../Engine/Content/EditorResources/AI/S_NavLink.uasset" 175
"../../../Engine/Content/EditorResources/LightIcons/SkyLight.uasset" 176
"../../../Engine/Content/EditorResources/LightIcons/S_LightDirectional.uasset" 177
"../../../Engine/Content/EditorResources/LightIcons/S_LightDirectionalMove.uasset" 178
"../../../Engine/Content/EditorResources/LightIcons/S_LightError.uasset" 179
"../../../Engine/Content/EditorResources/LightIcons/S_LightPoint.uasset" 180
"../../../Engine/Content/EditorResources/LightIcons/S_LightPointMove.uasset" 181
"../../../Engine/Content/EditorResources/LightIcons/S_LightSpot.uasset" 182
"../../../Engine/Content/EditorResources/LightIcons/S_LightSpotMove.uasset" 183
"../../../Engine/Content/EditorResources/SequenceRecorder/Countdown.uasset" 184
"../../../Engine/Content/EditorResources/SequenceRecorder/RecordingIndicator.uasset" 185
"../../../Engine/Content/EditorResources/Spline/T_Loft_Spline.uasset" 186
"../../../Engine/Content/EditorSounds/GamePreview/PossessPlayer.uasset" 187
"../../../Engine/Content/EditorSounds/GamePreview/PossessPlayer_Cue.uasset" 188
"../../../Engine/Content/EditorSounds/Notifications/CompileFailed.uasset" 189
"../../../Engine/Content/EditorSounds/Notifications/CompileFailed_Cue.uasset" 190
"../../../Engine/Content/EditorSounds/Notifications/CompileSuccess.uasset" 191
"../../../Engine/Content/EditorSounds/Notifications/CompileStart_Cue.uasset" 192
"../../../Engine/Content/EditorSounds/Notifications/CompileSuccess_Cue.uasset" 193
"../../../Engine/Content/EngineDamageTypes/DmgTypeBP_Environmental.uasset" 194
"../../../Engine/Content/EngineDebugMaterials/HeatmapGradient.uasset" 195
"../../../Engine/Content/EngineDebugMaterials/BoneWeightMaterial.uasset" 196
"../../../Engine/Content/EngineDebugMaterials/ClothMaterial.uasset" 197
"../../../Engine/Content/EngineDebugMaterials/ClothMaterial_WF.uasset" 198
"../../../Engine/Content/EngineDebugMaterials/DebugEditorMaterial.uasset" 199
"../../../Engine/Content/EngineDebugMaterials/DebugMeshMaterial.uasset" 200
"../../../Engine/Content/EngineDebugMaterials/GeomMaterial.uasset" 201
"../../../Engine/Content/EngineDebugMaterials/LevelColorationLitMaterial.uasset" 202
"../../../Engine/Content/EngineDebugMaterials/LevelColorationUnlitMaterial.uasset" 203
"../../../Engine/Content/EngineMaterials/DefaultWhiteGrid.uasset" 204
"../../../Engine/Content/EngineDebugMaterials/MAT_LevelColorationLitLightmapUV.uasset" 205
"../../../Engine/Content/EngineDebugMaterials/M_SimpleTranslucent.uasset" 206
"../../../Engine/Content/Functions/Engine_MaterialFunctions02/Utility/CameraDirectionVector.uasset" 207
"../../../Engine/Content/EngineDebugMaterials/VolumeToRender.uasset" 208
"../../../Engine/Content/EngineDebugMaterials/M_VolumeRenderSphereTracePP.uasset" 209
"../../../Engine/Content/EngineDebugMaterials/ShadedLevelColorationLitMaterial.uasset" 210
"../../../Engine/Content/EngineDebugMaterials/ShadedLevelColorationUnlitMateri.uasset" 211
"../../../Engine/Content/EngineDebugMaterials/VertexColorMaterial.uasset" 212
"../../../Engine/Content/EngineDebugMaterials/VertexColorViewMode_AlphaAsColor.uasset" 213
"../../../Engine/Content/EngineDebugMaterials/VertexColorViewMode_BlueOnly.uasset" 214
"../../../Engine/Content/EngineDebugMaterials/VertexColorViewMode_ColorOnly.uasset" 215
"../../../Engine/Content/EngineDebugMaterials/VertexColorViewMode_GreenOnly.uasset" 216
"../../../Engine/Content/EngineDebugMaterials/VertexColorViewMode_RedOnly.uasset" 217
"../../../Engine/Content/EngineDebugMaterials/WireframeMaterial.uasset" 218
"../../../Engine/Content/EngineFonts/Faces/RobotoBold.uasset" 219
"../../../Engine/Content/EngineFonts/Faces/RobotoBoldItalic.uasset" 220
"../../../Engine/Content/EngineFonts/Faces/RobotoItalic.uasset" 221
"../../../Engine/Content/EngineFonts/Faces/RobotoLight.uasset" 222
"../../../Engine/Content/EngineFonts/Faces/RobotoRegular.uasset" 223
"../../../Engine/Content/EngineFonts/Roboto.uasset" 224
"../../../Engine/Content/EngineFonts/Faces/RobotoTiny.uasset" 225
"../../../Engine/Content/EngineFonts/RobotoTiny.uasset" 226
"../../../Engine/Content/EngineFonts/SmallFont.uasset" 227
"../../../Engine/Content/EngineFonts/TinyFont.uasset" 228
"../../../Engine/Content/EngineMaterials/BaseFlattenDiffuseMap.uasset" 229
"../../../Engine/Content/EngineMaterials/BaseFlattenEmissiveMap.uasset" 230
"../../../Engine/Content/EngineMaterials/BaseFlattenGrayscaleMap.uasset" 231
"../../../Engine/Content/EngineMaterials/BaseFlattenNormalMap.uasset" 232
"../../../Engine/Content/EngineMaterials/BaseFlattenMaterial.uasset" 233
"../../../Engine/Content/EngineResources/WhiteSquareTexture.uasset" 234
"../../../Engine/Content/EngineMaterials/BlinkingCaret.uasset" 235
"../../../Engine/Content/EngineMaterials/BlueNoise.uasset" 236
"../../../Engine/Content/EngineMaterials/DefaultBloomKernel.uasset" 237
"../../../Engine/Content/EngineMaterials/DefaultBokeh.uasset" 238
"../../../Engine/Content/EngineMaterials/DefaultDiffuse.uasset" 239
"../../../Engine/Content/EngineMaterials/DefaultDeferredDecalMaterial.uasset" 240
"../../../Engine/Content/EngineMaterials/DefaultLightFunctionMaterial.uasset" 241
"../../../Engine/Content/EngineMaterials/DefaultNormal.uasset" 242
"../../../Engine/Content/EngineMaterials/DefaultPostProcessMaterial.uasset" 243
"../../../Engine/Content/EngineFonts/RobotoDistanceField.uasset" 244
"../../../Engine/Content/EngineMaterials/DefaultTextMaterialOpaque.uasset" 245
"../../../Engine/Content/EngineMaterials/DefaultVirtualTextureMaterial.uasset" 246
"../../../Engine/Content/EngineMaterials/EditorBrushMaterial.uasset" 247
"../../../Engine/Content/EngineMaterials/DefaultWhiteGrid_Low.uasset" 248
"../../../Engine/Content/EngineMaterials/EmissiveMeshMaterial.uasset" 249
"../../../Engine/Content/EngineMaterials/Good64x64TilingNoiseHighFreq.uasset" 250
"../../../Engine/Content/EngineMaterials/Grid_N.uasset" 251
"../../../Engine/Content/EngineMaterials/HighResolutionScreenshotMaskFunction.uasset" 252
"../../../Engine/Content/EngineMaterials/HighResScreenshot.uasset" 253
"../../../Engine/Content/EngineMaterials/HighResScreenshotCaptureRegion.uasset" 254
"../../../Engine/Content/EngineMaterials/HighResScreenshotMask.uasset" 255
"../../../Engine/Content/EngineMaterials/LandscapeHolePhysicalMaterial.uasset" 256
"../../../Engine/Content/EngineMaterials/InvalidLightmapSettings.uasset" 257
"../../../Engine/Content/EngineMaterials/M_InvalidLightmapSettings.uasset" 258
"../../../Engine/Content/EngineMaterials/PaperDiffuse.uasset" 259
"../../../Engine/Content/EngineMaterials/PaperNormal.uasset" 260
"../../../Engine/Content/Functions/Engine_MaterialFunctions02/WorldPositionOffset/CameraOffset.uasset" 261
"../../../Engine/Content/EngineMaterials/PhAT_JointLimitMaterial.uasset" 262
"../../../Engine/Content/EngineMaterials/PhysMat_Rubber.uasset" 263
"../../../Engine/Content/EngineMaterials/PreintegratedSkinBRDF.uasset" 264
"../../../Engine/Content/EngineMaterials/RemoveSurfaceMaterial.uasset" 265
"../../../Engine/Content/EngineMaterials/WeightMapPlaceholderTexture.uasset" 266
"../../../Engine/Content/EngineMaterials/Widget3DPassThrough.uasset" 267
"../../../Engine/Content/EngineMaterials/Widget3DPassThrough_Masked.uasset" 268
"../../../Engine/Content/EngineMaterials/Widget3DPassThrough_Opaque.uasset" 269
"../../../Engine/Content/EngineMaterials/Widget3DPassThrough_Masked_OneSided.uasset" 270
"../../../Engine/Content/EngineMaterials/Widget3DPassThrough_Opaque_OneSided.uasset" 271
"../../../Engine/Content/EngineMaterials/Widget3DPassThrough_Translucent.uasset" 272
"../../../Engine/Content/EngineMaterials/Widget3DPassThrough_Translucent_OneSided.uasset" 273
"../../../Engine/Content/EngineMeshes/Cylinder.uasset" 274
"../../../Engine/Content/EngineMeshes/Sphere.uasset" 275
"../../../Engine/Content/EngineResources/Black.uasset" 276
"../../../Engine/Content/EngineResources/DefaultTexture.uasset" 277
"../../../Engine/Content/EngineResources/DefaultTextureCube.uasset" 278
"../../../Engine/Content/EngineResources/DefaultVolumeTexture2D.uasset" 279
"../../../Engine/Content/EngineResources/DefaultVolumeTexture.uasset" 280
"../../../Engine/Content/EngineResources/GradientTexture0.uasset" 281
"../../../Engine/Content/EngineResources/StreamingPauseIcon.uasset" 282
"../../../Engine/Content/EngineResources/M_StreamingPause.uasset" 283
"../../../Engine/Content/EngineSounds/Master.uasset" 284
"../../../Engine/Content/Functions/Engine_MaterialFunctions01/Shading/PowerToRoughness.uasset" 285
"../../../Engine/Content/Maps/Templates/Thumbnails/Default.uasset" 286
"../../../Engine/Content/Maps/Templates/Thumbnails/VR-Basic.uasset" 287
"../../../Engine/Content/MapTemplates/Sky/DaylightAmbientCubemap.uasset" 288
"../../../Engine/Content/MobileResources/T_MobileControls_texture.uasset" 289
"../../../Engine/Content/MobileResources/T_MobileMenu2.uasset" 290
"../../../Engine/Content/MobileResources/HUD/AnalogHat.uasset" 291
"../../../Engine/Content/MobileResources/HUD/VirtualJoystick_Background.uasset" 292
"../../../Engine/Content/MobileResources/HUD/VirtualJoystick_Thumb.uasset" 293
"../../../Engine/Content/MobileResources/HUD/DefaultVirtualJoysticks.uasset" 294
"../../../Engine/Content/MobileResources/HUD/LeftVirtualJoystickOnly.uasset" 295
"../../../Engine/Content/MobileResources/HUD/MobileHUDButton1_off.uasset" 296
"../../../Engine/Content/MobileResources/HUD/MobileHUDButton1_on.uasset" 297
"../../../Engine/Content/MobileResources/HUD/MobileHUDButton2_off.uasset" 298
"../../../Engine/Content/MobileResources/HUD/MobileHUDButton2_on.uasset" 299
"../../../Engine/Content/MobileResources/HUD/MobileHUDButton3.uasset" 300
"../../../Engine/Content/MobileResources/HUD/MobileHUDButtonFire.uasset" 301
"../../../Engine/Content/MobileResources/HUD/MobileHUDDirectionPad.uasset" 302
"../../../Engine/Content/MobileResources/HUD/MobileHUDDirectionPad2.uasset" 303
"../../../Engine/Content/MobileResources/HUD/MobileHUDDirectionPad3.uasset" 304
"../../../Engine/Content/MobileResources/HUD/MobileHUDDirectionStick.uasset" 305
"../../../Engine/Content/MobileResources/HUD/T_Castle_ThumbstickInner.uasset" 306
"../../../Engine/Content/MobileResources/HUD/T_Castle_ThumbstickOutter.uasset" 307
"../../../Engine/Content/Tutorial/ContentIntroCurve.uasset" 308
"../../../Engine/Content/Tutorial/Basics/LevelEditorAttract.uasset" 309
"../../../Engine/Content/Tutorial/Basics/TutorialAssets/icon_tab_Levels_40x.uasset" 310
"../../../Engine/Content/Tutorial/Basics/LevelEditorOverview.uasset" 311
"../../../Engine/Content/Tutorial/BlueprintTutorials/TutorialAssets/Blueprint_64x.uasset" 312
"../../../Engine/Content/Tutorial/BlueprintTutorials/BlueprintEditorTutorial.uasset" 313
"../../../Engine/Content/Tutorial/BlueprintTutorials/TutorialAssets/Tutorial_BP_MacroLib.uasset" 314
"../../../Engine/Content/VREditor/LaserPointer/VR_LaserPower_01.uasset" 315
"../../../Engine/Content/VREditor/TransformGizmo/TransformGizmoMaterial.uasset" 316
"../../../Engine/Content/VREditor/TransformGizmo/TranslucentTransformGizmoMaterial.uasset" 317
"../../../Engine/Content/VREditor/TransformGizmo/BoundingBoxCorner.uasset" 318
"../../../Engine/Content/VREditor/TransformGizmo/BoundingBoxEdge.uasset" 319
"../../../Engine/Content/VREditor/TransformGizmo/PlaneTranslationHandle.uasset" 320
"../../../Engine/Content/VREditor/TransformGizmo/Main.uasset" 321
"../../../Engine/Content/VREditor/TransformGizmo/Xray.uasset" 322
"../../../Engine/Content/VREditor/TransformGizmo/SM_Sequencer_Key.uasset" 323
"../../../Engine/Content/VREditor/TransformGizmo/SM_Sequencer_Node.uasset" 324
"../../Plugins/2D/Paper2D/Content/PlaceholderTextures/DummySpriteTexture.uasset" 325
"../../Plugins/2D/Paper2D/Content/DummySprite.uasset" 326
"../../Plugins/2D/Paper2D/Content/DefaultPaperTerrainMaterial.uasset" 327
"../../Plugins/2D/Paper2D/Content/DefaultSpriteMaterial.uasset" 328
"../../Plugins/2D/Paper2D/Content/MaskedUnlitSpriteMaterial.uasset" 329
"../../Plugins/2D/Paper2D/Content/OpaqueUnlitSpriteMaterial.uasset" 330
"../../Plugins/Enterprise/DatasmithContent/Content/Blueprints/FBXImporter/ArrayOfActor.uasset" 331
"../../Plugins/Enterprise/DatasmithContent/Content/Blueprints/FBXImporter/ArrayOfSwitch.uasset" 332
"../../Plugins/Enterprise/DatasmithContent/Content/Blueprints/FBXImporter/BP_SceneNode.uasset" 333
"../../Plugins/Enterprise/DatasmithContent/Content/Blueprints/FBXImporter/BP_Switch.uasset" 334
"../../Plugins/Enterprise/DatasmithContent/Content/Blueprints/FBXImporter/BP_SceneRoot.uasset" 335
"../../Plugins/Enterprise/DatasmithContent/Content/Blueprints/FBXImporter/FBXImporterUtils.uasset" 336
"../../Plugins/Enterprise/DatasmithContent/Content/Blueprints/FBXImporter/Animation/DeltaGenAnimationTrackType.uasset" 337
"../../Plugins/Enterprise/DatasmithContent/Content/Blueprints/FBXImporter/Animation/VREDAnimationTrackComponent.uasset" 338
"../../Plugins/Enterprise/DatasmithContent/Content/Blueprints/FBXImporter/Animation/VREDAnimationTrackType.uasset" 339
"../../Plugins/Enterprise/DatasmithContent/Content/Blueprints/FBXImporter/Animation/VREDAnimCurveComponent.uasset" 340
"../../Plugins/Enterprise/DatasmithContent/Content/Blueprints/FBXImporter/Animation/VREDAnimCurveType.uasset" 341
"../../Plugins/Enterprise/DatasmithContent/Content/Blueprints/FBXImporter/Variants/VariantSwitchType.uasset" 342
"../../Plugins/Enterprise/DatasmithContent/Content/Blueprints/FBXImporter/Variants/VREDVariantSwitchType.uasset" 343
"../../Plugins/Enterprise/DatasmithContent/Content/Blueprints/FBXImporter/Variants/VREDVariantType.uasset" 344
"../../Plugins/Runtime/Oculus/OculusVR/Content/OculusMR_RenderTarget.uasset" 345
"../../../Engine/Content/Functions/Engine_MaterialFunctions02/Utility/BreakOutFloat4Components.uasset" 346
"../../Plugins/Runtime/Oculus/OculusVR/Content/Materials/OculusMR_ChromaKey.uasset" 347
"../../Plugins/Runtime/Oculus/OculusVR/Content/Materials/OculusMR_ChromaKey_Lit.uasset" 348
"../../Plugins/Runtime/Oculus/OculusVR/Content/Materials/OculusMR_OpaqueColoredMaterial.uasset" 349
"../../Plugins/Runtime/Oculus/OculusVR/Content/Materials/OculusMR_WhiteMaterial.uasset" 350
"../../../Engine/Content/Maps/Entry_BuiltData.uasset" 351
"../../../Engine/Content/Maps/Entry.umap" 352
"../../../../../NTI_15P/Content/Actors/Main_Actor.uasset" 353
"../../../../../NTI_15P/Content/Game_Instance/B_Game_Instance.uasset" 354
"../../../../../NTI_15P/Content/Interfase/BT_Interect.uasset" 355
"../../../../../NTI_15P/Content/Interfase/BT_Lumination.uasset" 356
"../../../../../NTI_15P/Content/Actors/Interaction_Actor.uasset" 357
"../../../../../NTI_15P/Content/Build_Component/Base_Opacity_Struct_Mat.uasset" 358
"../../../../../NTI_15P/Content/Actors/Interaction_Actor_Build.uasset" 359
"../../../../../NTI_15P/Content/Build_Component/B_Build_Component.uasset" 360
"../../../../../NTI_15P/Content/FreeFurniturePack/Textures/T_NormalPlaceHolder.uasset" 361
"../../../../../NTI_15P/Content/FreeFurniturePack/Textures/T_WhitePlaceHolder.uasset" 362
"../../../../../NTI_15P/Content/FreeFurniturePack/Materials/MM_Modern_Sofa.uasset" 363
"../../../../../NTI_15P/Content/FreeFurniturePack/Textures/T_Fabric_A.uasset" 364
"../../../../../NTI_15P/Content/FreeFurniturePack/Textures/T_Fabric_N.uasset" 365
"../../../../../NTI_15P/Content/FreeFurniturePack/Textures/T_Modern_Sofa_2_AO.uasset" 366
"../../../../../NTI_15P/Content/FreeFurniturePack/Textures/T_Modern_Sofa_2_m.uasset" 367
"../../../../../NTI_15P/Content/FreeFurniturePack/Textures/T_Modern_Sofa_2_N.uasset" 368
"../../../../../NTI_15P/Content/FreeFurniturePack/Materials/MI_Modern_Sofa_2.uasset" 369
"../../../../../NTI_15P/Content/FreeFurniturePack/Meshes/SM_Modern_Sofa_2.uasset" 370
"../../../../../NTI_15P/Content/Obj_Furniture/Sofa.uasset" 371
"../../../Engine/Content/VREditor/Devices/Vive/ViveControllerDiffuse.uasset" 372
"../../../Engine/Content/VREditor/Devices/Vive/ViveControllerMaterial.uasset" 373
"../../../Engine/Content/VREditor/Devices/Vive/ViveControllerMesh.uasset" 374
"../../../../../NTI_15P/Content/Main_Character.uasset" 375
"../../../../../NTI_15P/Content/Widgets/Widget_In_World.uasset" 376
"../../../../../NTI_15P/Content/FreeFurniturePack/Materials/MM_Armchair.uasset" 377
"../../../../../NTI_15P/Content/FreeFurniturePack/Textures/T_Modern_Armchair_AO.uasset" 378
"../../../../../NTI_15P/Content/FreeFurniturePack/Textures/T_Modern_Armchair_m.uasset" 379
"../../../../../NTI_15P/Content/FreeFurniturePack/Textures/T_modern_Armchair_N.uasset" 380
"../../../../../NTI_15P/Content/FreeFurniturePack/Materials/MI_Modern_Armchair.uasset" 381
"../../../../../NTI_15P/Content/FreeFurniturePack/Materials/MI_Modern_Armchair_Pillows.uasset" 382
"../../../../../NTI_15P/Content/FreeFurniturePack/Meshes/SM_Modern_Armchair.uasset" 383
"../../../../../NTI_15P/Content/Obj_Furniture/Armchair.uasset" 384
"../../../../../NTI_15P/Content/FreeFurniturePack/Textures/T_Bathtub_M.uasset" 385
"../../../../../NTI_15P/Content/FreeFurniturePack/Textures/T_Bathtub_N.uasset" 386
"../../../../../NTI_15P/Content/FreeFurniturePack/Materials/M_Bathtub.uasset" 387
"../../../../../NTI_15P/Content/FreeFurniturePack/Meshes/SM_Bathtub.uasset" 388
"../../../../../NTI_15P/Content/Obj_Furniture/Bath.uasset" 389
"../../../../../NTI_15P/Content/HQ_ResidentialHouse/Textures/WoodDeck/WoodDeck_d.uasset" 390
"../../../../../NTI_15P/Content/HQ_ResidentialHouse/Textures/WoodDeck/WoodDeck_n.uasset" 391
"../../../../../NTI_15P/Content/HQ_ResidentialHouse/Textures/WoodDeck/WoodDeck_r_ao_m.uasset" 392
"../../../../../NTI_15P/Content/HQ_ResidentialHouse/Materials/MasterMaterials/Mat_Opaque.uasset" 393
"../../../../../NTI_15P/Content/HQ_ResidentialHouse/Textures/Beanbag/BeanBag_d.uasset" 394
"../../../../../NTI_15P/Content/HQ_ResidentialHouse/Textures/Beanbag/BeanBag_n.uasset" 395
"../../../../../NTI_15P/Content/HQ_ResidentialHouse/Textures/Beanbag/BeanBag_r_ao_m.uasset" 396
"../../../../../NTI_15P/Content/HQ_ResidentialHouse/Materials/Mat_Beanbag.uasset" 397
"../../../../../NTI_15P/Content/HQ_ResidentialHouse/Meshes/SM_BeanBag.uasset" 398
"../../../../../NTI_15P/Content/Obj_Furniture/BeanBag.uasset" 399
"../../../../../NTI_15P/Content/HQ_ResidentialHouse/Textures/House_exterior/House_exterior_d.uasset" 400
"../../../../../NTI_15P/Content/HQ_ResidentialHouse/Textures/House_exterior/House_exterior_mask.uasset" 401
"../../../../../NTI_15P/Content/HQ_ResidentialHouse/Textures/House_exterior/House_exterior_n.uasset" 402
"../../../../../NTI_15P/Content/HQ_ResidentialHouse/Textures/House_exterior/House_exterior_r_ao_m.uasset" 403
"../../../../../NTI_15P/Content/HQ_ResidentialHouse/Materials/MasterMaterials/Mat_Opaque_colorMask.uasset" 404
"../../../../../NTI_15P/Content/HQ_ResidentialHouse/Textures/DiningChair/DiningChair_d.uasset" 405
"../../../../../NTI_15P/Content/HQ_ResidentialHouse/Textures/DiningChair/DiningChair_mask.uasset" 406
"../../../../../NTI_15P/Content/HQ_ResidentialHouse/Textures/DiningChair/DiningChair_n.uasset" 407
"../../../../../NTI_15P/Content/HQ_ResidentialHouse/Textures/DiningChair/DiningChair_r_ao_m.uasset" 408
"../../../../../NTI_15P/Content/HQ_ResidentialHouse/Materials/Mat_DiningChair.uasset" 409
"../../../../../NTI_15P/Content/HQ_ResidentialHouse/Meshes/SM_DiningChair.uasset" 410
"../../../../../NTI_15P/Content/Obj_Furniture/Chair.uasset" 411
"../../../../../NTI_15P/Content/HQ_ResidentialHouse/Textures/Fireplace/Fireplace_d.uasset" 412
"../../../../../NTI_15P/Content/HQ_ResidentialHouse/Textures/Fireplace/Fireplace_e.uasset" 413
"../../../../../NTI_15P/Content/HQ_ResidentialHouse/Textures/Fireplace/Fireplace_n.uasset" 414
"../../../../../NTI_15P/Content/HQ_ResidentialHouse/Textures/Fireplace/Fireplace_r_ao_m.uasset" 415
"../../../../../NTI_15P/Content/HQ_ResidentialHouse/Materials/MasterMaterials/Mat_OpaqueEmissive.uasset" 416
"../../../../../NTI_15P/Content/HQ_ResidentialHouse/Textures/Gadgets/Gadgets_d.uasset" 417
"../../../../../NTI_15P/Content/HQ_ResidentialHouse/Textures/Gadgets/Gadgets_e.uasset" 418
"../../../../../NTI_15P/Content/HQ_ResidentialHouse/Textures/Gadgets/Gadgets_n.uasset" 419
"../../../../../NTI_15P/Content/HQ_ResidentialHouse/Textures/Gadgets/Gadgets_r_ao_m.uasset" 420
"../../../../../NTI_15P/Content/HQ_ResidentialHouse/Materials/Mat_Gadgets.uasset" 421
"../../../../../NTI_15P/Content/HQ_ResidentialHouse/Meshes/SM_LaptopOpen.uasset" 422
"../../../../../NTI_15P/Content/Obj_Furniture/Laptop_1.uasset" 423
"../../../../../NTI_15P/Content/HQ_ResidentialHouse/Textures/Deskware/DeskWare_d.uasset" 424
"../../../../../NTI_15P/Content/HQ_ResidentialHouse/Textures/Deskware/DeskWare_n.uasset" 425
"../../../../../NTI_15P/Content/HQ_ResidentialHouse/Textures/Deskware/DeskWare_r_ao_m.uasset" 426
"../../../../../NTI_15P/Content/HQ_ResidentialHouse/Materials/Mat_Deskware.uasset" 427
"../../../../../NTI_15P/Content/HQ_ResidentialHouse/Meshes/Deskware/SM_NotebookC.uasset" 428
"../../../../../NTI_15P/Content/Obj_Furniture/Notebook_1.uasset" 429
"../../../../../NTI_15P/Content/HQ_ResidentialHouse/Textures/OwlPic/OwlPic_d.uasset" 430
"../../../../../NTI_15P/Content/HQ_ResidentialHouse/Textures/OwlPic/OwlPic_n.uasset" 431
"../../../../../NTI_15P/Content/HQ_ResidentialHouse/Textures/OwlPic/OwlPic_r_ao_m.uasset" 432
"../../../../../NTI_15P/Content/HQ_ResidentialHouse/Materials/Mat_OwlPic.uasset" 433
"../../../../../NTI_15P/Content/HQ_ResidentialHouse/Meshes/SM_OwlPic.uasset" 434
"../../../../../NTI_15P/Content/Obj_Furniture/Paint_1.uasset" 435
"../../../../../NTI_15P/Content/HouseplantPack/Materials/Plants/Aloe/aloe_aloe_BaseColor.uasset" 436
"../../../../../NTI_15P/Content/HouseplantPack/Materials/Plants/Aloe/aloe_aloe_EmissiveMask.uasset" 437
"../../../../../NTI_15P/Content/HouseplantPack/Materials/Plants/Aloe/aloe_aloe_Normal.uasset" 438
"../../../../../NTI_15P/Content/HouseplantPack/Materials/Plants/Aloe/aloe_aloe_OcclusionRoughnessMetallic.uasset" 439
"../../../../../NTI_15P/Content/HouseplantPack/Materials/Plants/Aloe/aloe_aloe_Opacity.uasset" 440
"../../../../../NTI_15P/Content/HouseplantPack/Materials/Plants/Aloe/MAT_aloe.uasset" 441
"../../../Engine/Content/Functions/Engine_MaterialFunctions03/Blends/Blend_Overlay.uasset" 442
"../../../../../NTI_15P/Content/HouseplantPack/Materials/MF_Fresnel.uasset" 443
"../../../../../NTI_15P/Content/HouseplantPack/Materials/Plants/Succulents/Grayscale.uasset" 444
"../../../../../NTI_15P/Content/HouseplantPack/Materials/Plants/Succulents/Grayscale_1.uasset" 445
"../../../../../NTI_15P/Content/HouseplantPack/Materials/Plants/Succulents/Grayscale_2.uasset" 446
"../../../../../NTI_15P/Content/HouseplantPack/Materials/Plants/Succulents/succulent01_LP_BaseColor.uasset" 447
"../../../../../NTI_15P/Content/HouseplantPack/Materials/Plants/Succulents/succulent01_LP_EmissiveMask.uasset" 448
"../../../../../NTI_15P/Content/HouseplantPack/Materials/Plants/Succulents/succulent01_LP_Normal.uasset" 449
"../../../../../NTI_15P/Content/HouseplantPack/Materials/Plants/Succulents/succulent01_LP_OcclusionRoughnessMetallic.uasset" 450
"../../../../../NTI_15P/Content/HouseplantPack/Materials/Plants/Succulents/MAT_succulent.uasset" 451
"../../../../../NTI_15P/Content/HouseplantPack/Materials/Plants/Succulents/MAT_succulent_Inst02.uasset" 452
"../../../../../NTI_15P/Content/HouseplantPack/Materials/Plants/Succulents/succulent01_LP_v2_BaseColor.uasset" 453
"../../../../../NTI_15P/Content/HouseplantPack/Materials/Plants/Succulents/MAT_succulent_Inst04.uasset" 454
"../../../../../NTI_15P/Content/HouseplantPack/Materials/Plants/Succulents/MAT_succulent_Inst05.uasset" 455
"../../../../../NTI_15P/Content/HouseplantPack/Materials/Pots/Textures/succulentpot02_LP_BaseColor.uasset" 456
"../../../../../NTI_15P/Content/HouseplantPack/Materials/Pots/Textures/succulentpot02_LP_Normal.uasset" 457
"../../../../../NTI_15P/Content/HouseplantPack/Materials/Pots/Textures/succulentpot02_LP_OcclusionRoughnessMetallic.uasset" 458
"../../../../../NTI_15P/Content/HouseplantPack/Materials/Pots/Textures/succulentPot02_LP_paintlayer.uasset" 459
"../../../../../NTI_15P/Content/HouseplantPack/Materials/Pots/Textures/succulentpot02LP_mask.uasset" 460
"../../../../../NTI_15P/Content/HouseplantPack/Materials/Pots/MAT_succulentPot02.uasset" 461
"../../../../../NTI_15P/Content/HouseplantPack/Materials/Pots/MAT_succulentPot02_Inst.uasset" 462
"../../../../../NTI_15P/Content/HouseplantPack/Geometry/SM_MERGED_succulents.uasset" 463
"../../../../../NTI_15P/Content/Obj_Furniture/Plant_1.uasset" 464
"../../../../../NTI_15P/Content/HQ_ResidentialHouse/Textures/DiningTable/DiningTable_d.uasset" 465
"../../../../../NTI_15P/Content/HQ_ResidentialHouse/Textures/DiningTable/DiningTable_mask.uasset" 466
"../../../../../NTI_15P/Content/HQ_ResidentialHouse/Textures/DiningTable/DiningTable_n.uasset" 467
"../../../../../NTI_15P/Content/HQ_ResidentialHouse/Textures/DiningTable/DiningTable_r_ao_m.uasset" 468
"../../../../../NTI_15P/Content/HQ_ResidentialHouse/Materials/Mat_DiningTable.uasset" 469
"../../../../../NTI_15P/Content/HQ_ResidentialHouse/Meshes/SM_DiningTable.uasset" 470
"../../../../../NTI_15P/Content/Obj_Furniture/Table.uasset" 471
"../../../../../NTI_15P/Content/FreeFurniturePack/Textures/T_Toilet_M.uasset" 472
"../../../../../NTI_15P/Content/FreeFurniturePack/Textures/T_Toilet_N.uasset" 473
"../../../../../NTI_15P/Content/FreeFurniturePack/Materials/M_Toilet.uasset" 474
"../../../../../NTI_15P/Content/FreeFurniturePack/Meshes/SM_Toilet.uasset" 475
"../../../../../NTI_15P/Content/Obj_Furniture/Toilet.uasset" 476
"../../../../../NTI_15P/Content/FreeFurniturePack/Textures/T_TV_M.uasset" 477
"../../../../../NTI_15P/Content/FreeFurniturePack/Materials/M_TV.uasset" 478
"../../../../../NTI_15P/Content/FreeFurniturePack/Meshes/SM_TV.uasset" 479
"../../../../../NTI_15P/Content/Obj_Furniture/TV.uasset" 480
"../../../../../NTI_15P/Content/Data_Base/ST_Furniture.uasset" 481
"../../../../../NTI_15P/Content/Obj_Furniture/I_Armchair.uasset" 482
"../../../../../NTI_15P/Content/Obj_Furniture/I_Bath.uasset" 483
"../../../../../NTI_15P/Content/Obj_Furniture/I_BeanBag.uasset" 484
"../../../../../NTI_15P/Content/Obj_Furniture/I_Chair.uasset" 485
"../../../../../NTI_15P/Content/Obj_Furniture/I_Laptop.uasset" 486
"../../../../../NTI_15P/Content/Obj_Furniture/I_Notebook.uasset" 487
"../../../../../NTI_15P/Content/Obj_Furniture/I_Paint.uasset" 488
"../../../../../NTI_15P/Content/Obj_Furniture/I_Plant_1.uasset" 489
"../../../../../NTI_15P/Content/Obj_Furniture/I_Sofa.uasset" 490
"../../../../../NTI_15P/Content/Obj_Furniture/I_Table.uasset" 491
"../../../../../NTI_15P/Content/Obj_Furniture/I_Toitet.uasset" 492
"../../../../../NTI_15P/Content/Obj_Furniture/I_TV.uasset" 493
"../../../../../NTI_15P/Content/Data_Base/DT_Furniture.uasset" 494
"../../../../../NTI_15P/Content/Widgets/Furniture_Button.uasset" 495
"../../../../../NTI_15P/Content/Widgets/Enviroment_Menu.uasset" 496
"../../../../../NTI_15P/Content/Widgets/Widget_In_World_Furniture.uasset" 497
"../../../../../NTI_15P/Content/Rooms/Base_Room.uasset" 498
"../../../../../NTI_15P/Content/Rooms/Dynamic_Room.uasset" 499
"../../../Engine/Content/EngineSky/C_Sky_Cloud_Color.uasset" 500
"../../../Engine/Content/EngineSky/C_Sky_Horizon_Color.uasset" 501
"../../../Engine/Content/EngineSky/C_Sky_Zenith_Color.uasset" 502
"../../../Engine/Content/EngineSky/T_Sky_Blue.uasset" 503
"../../../Engine/Content/EngineSky/T_Sky_Clouds_M.uasset" 504
"../../../Engine/Content/EngineSky/T_Sky_Stars.uasset" 505
"../../../Engine/Content/EngineSky/M_Sky_Panning_Clouds2.uasset" 506
"../../../Engine/Content/EngineSky/SM_SkySphere.uasset" 507
"../../../Engine/Content/EngineSky/BP_Sky_Sphere.uasset" 508
"../../../../../NTI_15P/Content/MobileStarterContent/Materials/M_Basic_Floor.uasset" 509
"../../../../../NTI_15P/Content/MobileStarterContent/Architecture/Floor_400x400.uasset" 510
"../../../../../NTI_15P/Content/MobileStarterContent/Materials/M_Basic_Wall.uasset" 511
"../../../../../NTI_15P/Content/MobileStarterContent/Architecture/Wall_400x300.uasset" 512
"../../../../../NTI_15P/Content/MobileStarterContent/Architecture/Wall_Window_400x300.uasset" 513
"../../../../../NTI_15P/Content/Rooms/Room_1.uasset" 514
"../../../../../NTI_15P/Content/Rooms/Room_2.uasset" 515
"../../../../../NTI_15P/Content/Data_Base/ST_Room.uasset" 516
"../../../../../NTI_15P/Content/Rooms/I_Room_1.uasset" 517
"../../../../../NTI_15P/Content/Rooms/I_Room_2.uasset" 518
"../../../../../NTI_15P/Content/Data_Base/DT_Room.uasset" 519
"../../../../../NTI_15P/Content/Widgets/Room_Button.uasset" 520
"../../../../../NTI_15P/Content/Widgets/Room_Menu.uasset" 521
"../../../../../NTI_15P/Content/Widgets/Widget_In_World_Rooms.uasset" 522
"../../../../../NTI_15P/Content/MobileStarterContent/Maps/Minimal_Default_BuiltData.uasset" 523
"../../../../../NTI_15P/Content/Luminosity_Materials/PP_Luminosiry_Mat.uasset" 524
"../../../../../NTI_15P/Content/MobileStarterContent/Maps/Minimal_Default.umap" 525
